<?xml version="1.0" encoding="UTF-8"?>
<!-- Generated by org.testng.reporters.JUnitXMLReporter -->
<testsuite ignored="0" hostname="DESKTOP-2SEOHB6" failures="0" tests="3" name="Test2" time="9.23" errors="0" timestamp="2024-11-11T03:59:21 GMT-08:00">
  <testcase classname="TestCases.TC002_LoginTest" name="LoginTest" time="3.087"/>
  <testcase classname="TestCases.TC002_LoginTest" name="LoginTest" time="1.839"/>
  <testcase classname="TestCases.TC002_LoginTest" name="LoginTest" time="0.917"/>
</testsuite> <!-- Test2 -->
