<?xml version="1.0" encoding="UTF-8"?>
<!-- Generated by org.testng.reporters.JUnitXMLReporter -->
<testsuite ignored="0" hostname="DESKTOP-2SEOHB6" failures="0" tests="4" name="Test1" time="34.837" errors="0" timestamp="2024-11-16T02:20:40 GMT-08:00">
  <testcase classname="TestCases.TCC001_AccountRegisterPage" name="TestRegister" time="1.889"/>
  <testcase classname="TestCases.TC002_LoginTest" name="LoginTest" time="1.912"/>
  <testcase classname="TestCases.TC002_LoginTest" name="LoginTest" time="1.194"/>
  <testcase classname="TestCases.TC002_LoginTest" name="LoginTest" time="1.274"/>
</testsuite> <!-- Test1 -->
