<?xml version="1.0" encoding="UTF-8"?>
<testng-results ignored="0" total="1" passed="1" failed="0" skipped="0">
  <reporter-output>
  </reporter-output>
  <suite started-at="2024-11-11T05:10:29 GMT-08:00" name="Demo Suite" finished-at="2024-11-11T05:10:54 GMT-08:00" duration-ms="24280">
    <groups>
    </groups>
    <test started-at="2024-11-11T05:10:29 GMT-08:00" name="test" finished-at="2024-11-11T05:10:54 GMT-08:00" duration-ms="24280">
      <class name="TestCases.TC004_Verify_ElementPage">
        <test-method is-config="true" signature="setUp(java.lang.String,java.lang.String)[pri:0, instance:TestCases.TC004_Verify_ElementPage@19e4fcac]" started-at="2024-11-11T05:10:30 GMT-08:00" name="setUp" finished-at="2024-11-11T05:10:34 GMT-08:00" duration-ms="4060" status="PASS">
          <params>
            <param index="0">
              <value>
                <![CDATA[window]]>
              </value>
            </param>
            <param index="1">
              <value>
                <![CDATA[chrome]]>
              </value>
            </param>
          </params>
          <reporter-output>
          </reporter-output>
        </test-method> <!-- setUp -->
        <test-method signature="Test_Element()[pri:0, instance:TestCases.TC004_Verify_ElementPage@19e4fcac]" started-at="2024-11-11T05:10:34 GMT-08:00" name="Test_Element" finished-at="2024-11-11T05:10:53 GMT-08:00" duration-ms="19691" status="PASS">
          <reporter-output>
          </reporter-output>
        </test-method> <!-- Test_Element -->
        <test-method is-config="true" signature="tearDown()[pri:0, instance:TestCases.TC004_Verify_ElementPage@19e4fcac]" started-at="2024-11-11T05:10:53 GMT-08:00" name="tearDown" finished-at="2024-11-11T05:10:54 GMT-08:00" duration-ms="301" status="PASS">
          <reporter-output>
          </reporter-output>
        </test-method> <!-- tearDown -->
      </class> <!-- TestCases.TC004_Verify_ElementPage -->
    </test> <!-- test -->
  </suite> <!-- Demo Suite -->
</testng-results>
